<?xml version="1.0" encoding="UTF-8"?>
<!-- Generated by org.testng.reporters.JUnitReportReporter -->
<testsuite skipped="0" hostname="ATMECSINLT-033" name="com.atmecs.assessment.pages.ClickOnMoreInfo" tests="5" failures="0" timestamp="03 Oct 2019 10:20:23 GMT" time="24.768" errors="0">
  <testcase name="clickOnMoreInfo" time="4.981" classname="com.atmecs.assessment.pages.ClickOnMoreInfo"/>
  <testcase name="clickOnMoreInfo" time="5.321" classname="com.atmecs.assessment.pages.ClickOnMoreInfo"/>
  <testcase name="clickOnMoreInfo" time="4.526" classname="com.atmecs.assessment.pages.ClickOnMoreInfo"/>
  <testcase name="clickOnMoreInfo" time="5.073" classname="com.atmecs.assessment.pages.ClickOnMoreInfo"/>
  <testcase name="clickOnMoreInfo" time="4.867" classname="com.atmecs.assessment.pages.ClickOnMoreInfo"/>
</testsuite> <!-- com.atmecs.assessment.pages.ClickOnMoreInfo -->
