<?xml version="1.0" encoding="UTF-8"?>
<!-- Generated by org.testng.reporters.JUnitReportReporter -->
<testsuite skipped="0" hostname="ATMECSINLT-033" name="com.atmecs.assessment.testscripts.ContextMenuScripts" tests="1" failures="0" timestamp="03 Oct 2019 05:08:34 GMT" time="1.442" errors="0">
  <testcase name="contextMenuFlow" time="1.442" classname="com.atmecs.assessment.testscripts.ContextMenuScripts"/>
</testsuite> <!-- com.atmecs.assessment.testscripts.ContextMenuScripts -->
