<?xml version="1.0" encoding="UTF-8"?>
<!-- Generated by org.testng.reporters.JUnitReportReporter -->
<testsuite skipped="0" hostname="ATMECSINLT-033" name="com.atmecs.assessment.testscripts.BlogSelectScript" tests="1" failures="0" timestamp="03 Oct 2019 05:08:34 GMT" time="6.800" errors="0">
  <testcase name="blogFlow" time="6.800" classname="com.atmecs.assessment.testscripts.BlogSelectScript"/>
</testsuite> <!-- com.atmecs.assessment.testscripts.BlogSelectScript -->
