<?xml version="1.0" encoding="UTF-8"?>
<!-- Generated by org.testng.reporters.JUnitReportReporter -->
<testsuite skipped="0" hostname="ATMECSINLT-033" name="com.atmecs.assessment.testscripts.FootersScript" tests="32" failures="0" timestamp="03 Oct 2019 05:08:34 GMT" time="20.044" errors="0">
  <testcase name="homefooterValidation" time="0.065" classname="com.atmecs.assessment.testscripts.FootersScript"/>
  <testcase name="homefooterValidation" time="2.701" classname="com.atmecs.assessment.testscripts.FootersScript"/>
  <testcase name="homefooterValidation" time="0.082" classname="com.atmecs.assessment.testscripts.FootersScript"/>
  <testcase name="homefooterValidation" time="0.097" classname="com.atmecs.assessment.testscripts.FootersScript"/>
  <testcase name="aboutusfooterValidation" time="0.049" classname="com.atmecs.assessment.testscripts.FootersScript"/>
  <testcase name="aboutusfooterValidation" time="2.474" classname="com.atmecs.assessment.testscripts.FootersScript"/>
  <testcase name="aboutusfooterValidation" time="0.057" classname="com.atmecs.assessment.testscripts.FootersScript"/>
  <testcase name="aboutusfooterValidation" time="0.066" classname="com.atmecs.assessment.testscripts.FootersScript"/>
  <testcase name="ServicesfooterValidation" time="4.393" classname="com.atmecs.assessment.testscripts.FootersScript"/>
  <testcase name="ServicesfooterValidation" time="0.061" classname="com.atmecs.assessment.testscripts.FootersScript"/>
  <testcase name="ServicesfooterValidation" time="0.064" classname="com.atmecs.assessment.testscripts.FootersScript"/>
  <testcase name="ServicesfooterValidation" time="0.049" classname="com.atmecs.assessment.testscripts.FootersScript"/>
  <testcase name="patenersfooterValidation" time="0.054" classname="com.atmecs.assessment.testscripts.FootersScript"/>
  <testcase name="patenersfooterValidation" time="0.065" classname="com.atmecs.assessment.testscripts.FootersScript"/>
  <testcase name="patenersfooterValidation" time="3.112" classname="com.atmecs.assessment.testscripts.FootersScript"/>
  <testcase name="patenersfooterValidation" time="0.048" classname="com.atmecs.assessment.testscripts.FootersScript"/>
  <testcase name="mediafooterValidation" time="0.049" classname="com.atmecs.assessment.testscripts.FootersScript"/>
  <testcase name="mediafooterValidation" time="0.163" classname="com.atmecs.assessment.testscripts.FootersScript"/>
  <testcase name="mediafooterValidation" time="0.059" classname="com.atmecs.assessment.testscripts.FootersScript"/>
  <testcase name="mediafooterValidation" time="0.048" classname="com.atmecs.assessment.testscripts.FootersScript"/>
  <testcase name="insightsfooterValidation" time="0.048" classname="com.atmecs.assessment.testscripts.FootersScript"/>
  <testcase name="insightsfooterValidation" time="0.055" classname="com.atmecs.assessment.testscripts.FootersScript"/>
  <testcase name="insightsfooterValidation" time="0.037" classname="com.atmecs.assessment.testscripts.FootersScript"/>
  <testcase name="insightsfooterValidation" time="0.347" classname="com.atmecs.assessment.testscripts.FootersScript"/>
  <testcase name="careersfooterValidation" time="2.755" classname="com.atmecs.assessment.testscripts.FootersScript"/>
  <testcase name="careersfooterValidation" time="0.061" classname="com.atmecs.assessment.testscripts.FootersScript"/>
  <testcase name="careersfooterValidation" time="0.055" classname="com.atmecs.assessment.testscripts.FootersScript"/>
  <testcase name="careersfooterValidation" time="0.051" classname="com.atmecs.assessment.testscripts.FootersScript"/>
  <testcase name="contactfooterValidation" time="2.684" classname="com.atmecs.assessment.testscripts.FootersScript"/>
  <testcase name="contactfooterValidation" time="0.076" classname="com.atmecs.assessment.testscripts.FootersScript"/>
  <testcase name="contactfooterValidation" time="0.072" classname="com.atmecs.assessment.testscripts.FootersScript"/>
  <testcase name="contactfooterValidation" time="0.047" classname="com.atmecs.assessment.testscripts.FootersScript"/>
</testsuite> <!-- com.atmecs.assessment.testscripts.FootersScript -->
