<?xml version="1.0" encoding="UTF-8"?>
<!-- Generated by org.testng.reporters.JUnitReportReporter -->
<testsuite skipped="0" hostname="ATMECSINLT-033" name="com.atmecs.assessment.testscripts.ClickOnMoreInfoScript" tests="6" failures="0" timestamp="03 Oct 2019 12:34:06 GMT" time="27.413" errors="0">
  <testcase name="clickOnExploreNow" time="7.999" classname="com.atmecs.assessment.testscripts.ClickOnMoreInfoScript"/>
  <testcase name="clickOnMoreInfo" time="3.427" classname="com.atmecs.assessment.testscripts.ClickOnMoreInfoScript"/>
  <testcase name="clickOnMoreInfo" time="5.061" classname="com.atmecs.assessment.testscripts.ClickOnMoreInfoScript"/>
  <testcase name="clickOnMoreInfo" time="3.531" classname="com.atmecs.assessment.testscripts.ClickOnMoreInfoScript"/>
  <testcase name="clickOnMoreInfo" time="4.013" classname="com.atmecs.assessment.testscripts.ClickOnMoreInfoScript"/>
  <testcase name="clickOnMoreInfo" time="3.382" classname="com.atmecs.assessment.testscripts.ClickOnMoreInfoScript"/>
</testsuite> <!-- com.atmecs.assessment.testscripts.ClickOnMoreInfoScript -->
